-------------------------------------------------------------------------------
Test set: org.summerclounds.core.test.MFileTest
-------------------------------------------------------------------------------
Tests run: 2, Failures: 1, Errors: 0, Skipped: 0, Time elapsed: 0.003 s <<< FAILURE! - in org.summerclounds.core.test.MFileTest
testMimeTypes  Time elapsed: 0.001 s  <<< FAILURE!
org.opentest4j.AssertionFailedError: expected: <application/pdf> but was: <text/plain>
	at org.summerclounds.core.test.MFileTest.testMimeTypes(MFileTest.java:54)

